<?xml version="1.0" encoding="UTF-8"?>
<!-- Generated by org.testng.reporters.JUnitReportReporter -->
<testsuite skipped="0" hostname="CAPHYD-LAP-081" name="selenium.Guru_Projects.WriteData_ToExcel" tests="1" failures="0" timestamp="07 Jun 2019 09:43:20 GMT" time="0.577" errors="0">
  <testcase name="Write2" time="0.577" classname="selenium.Guru_Projects.WriteData_ToExcel"/>
</testsuite> <!-- selenium.Guru_Projects.WriteData_ToExcel -->
