<?xml version="1.0" encoding="UTF-8"?>
<!-- Generated by org.testng.reporters.JUnitReportReporter -->
<testsuite skipped="0" hostname="CAPHYD-LAP-081" name="selenium.Guru_Projects.FileUpload" tests="1" failures="0" timestamp="10 Jun 2019 11:19:51 GMT" time="13.819" errors="0">
  <testcase name="Upload" time="13.819" classname="selenium.Guru_Projects.FileUpload"/>
</testsuite> <!-- selenium.Guru_Projects.FileUpload -->
