<?xml version="1.0" encoding="UTF-8"?>
<!-- Generated by org.testng.reporters.JUnitReportReporter -->
<testsuite skipped="0" hostname="CAPHYD-LAP-081" name="selenium.Guru_Projects.KeyBoardEvents" tests="1" failures="0" timestamp="03 Jul 2019 07:17:44 GMT" time="13.582" errors="0">
  <testcase name="Drop" time="13.582" classname="selenium.Guru_Projects.KeyBoardEvents"/>
</testsuite> <!-- selenium.Guru_Projects.KeyBoardEvents -->
