<?xml version="1.0" encoding="UTF-8"?>
<!-- Generated by org.testng.reporters.JUnitReportReporter -->
<testsuite skipped="0" hostname="CAPHYD-LAP-081" name="selenium.Guru_Projects.ExcelFrom_Guru" tests="1" failures="0" timestamp="02 Jul 2019 07:15:21 GMT" time="10.394" errors="0">
  <testcase name="Excel" time="10.394" classname="selenium.Guru_Projects.ExcelFrom_Guru"/>
</testsuite> <!-- selenium.Guru_Projects.ExcelFrom_Guru -->
