<?xml version="1.0" encoding="UTF-8"?>
<!-- Generated by org.testng.reporters.JUnitReportReporter -->
<testsuite skipped="0" hostname="CAPHYD-LAP-081" name="selenium.Guru_Projects.MouseClick_KeyBoardEvents" tests="1" failures="0" timestamp="11 Jun 2019 07:09:52 GMT" time="8.632" errors="0">
  <testcase name="Mouse_Event" time="8.632" classname="selenium.Guru_Projects.MouseClick_KeyBoardEvents"/>
</testsuite> <!-- selenium.Guru_Projects.MouseClick_KeyBoardEvents -->
