<?xml version="1.0" encoding="UTF-8"?>
<!-- Generated by org.testng.reporters.JUnitReportReporter -->
<testsuite skipped="0" hostname="CAPHYD-LAP-081" name="selenium.Guru_Projects.TestNG1" tests="1" failures="0" timestamp="10 Jun 2019 06:35:06 GMT" time="0.007" errors="0">
  <testcase name="Test2" time="0.007" classname="selenium.Guru_Projects.TestNG1"/>
</testsuite> <!-- selenium.Guru_Projects.TestNG1 -->
