<?xml version="1.0" encoding="UTF-8"?>
<!-- Generated by org.testng.reporters.JUnitReportReporter -->
<testsuite skipped="0" hostname="CAPHYD-LAP-081" name="selenium.Guru_Projects.Verify_Screenshot" tests="1" failures="0" timestamp="02 Jul 2019 07:21:47 GMT" time="10.467" errors="0">
  <testcase name="Screen" time="10.467" classname="selenium.Guru_Projects.Verify_Screenshot"/>
</testsuite> <!-- selenium.Guru_Projects.Verify_Screenshot -->
