<?xml version="1.0" encoding="UTF-8"?>
<!-- Generated by org.testng.reporters.JUnitReportReporter -->
<testsuite skipped="0" hostname="CAPHYD-LAP-081" name="selenium.Guru_Projects.Drag_And_Drop" tests="1" failures="0" timestamp="03 Jul 2019 07:26:05 GMT" time="8.702" errors="0">
  <testcase name="Drop" time="8.702" classname="selenium.Guru_Projects.Drag_And_Drop"/>
</testsuite> <!-- selenium.Guru_Projects.Drag_And_Drop -->
