<?xml version="1.0" encoding="UTF-8"?>
<!-- Generated by org.testng.reporters.JUnitReportReporter -->
<testsuite skipped="0" hostname="CAPHYD-LAP-081" name="selenium.Guru_Projects.Verification_Image" tests="1" failures="0" timestamp="10 Jun 2019 07:45:41 GMT" time="10.770" errors="0">
  <testcase name="Image" time="10.770" classname="selenium.Guru_Projects.Verification_Image"/>
</testsuite> <!-- selenium.Guru_Projects.Verification_Image -->
