<?xml version="1.0" encoding="UTF-8"?>
<!-- Generated by org.testng.reporters.JUnitReportReporter -->
<testsuite skipped="0" hostname="CAPHYD-LAP-081" name="selenium.Guru_Projects.Popups" tests="1" failures="0" timestamp="04 Jun 2019 10:22:20 GMT" time="9.838" errors="0">
  <testcase name="Alert" time="9.838" classname="selenium.Guru_Projects.Popups"/>
</testsuite> <!-- selenium.Guru_Projects.Popups -->
