<?xml version="1.0" encoding="UTF-8"?>
<!-- Generated by org.testng.reporters.JUnitReportReporter -->
<testsuite skipped="0" hostname="CAPHYD-LAP-081" name="selenium.Guru_Projects.Subnavigation" tests="1" failures="0" timestamp="27 Jun 2019 08:19:53 GMT" time="13.443" errors="0">
  <testcase name="Sub" time="13.443" classname="selenium.Guru_Projects.Subnavigation"/>
</testsuite> <!-- selenium.Guru_Projects.Subnavigation -->
