<?xml version="1.0" encoding="UTF-8"?>
<!-- Generated by org.testng.reporters.JUnitReportReporter -->
<testsuite skipped="0" hostname="CAPHYD-LAP-081" name="selenium.Guru_Projects.TestNG" tests="1" failures="0" timestamp="07 Jun 2019 11:33:29 GMT" time="31.201" errors="0">
  <testcase name="testNgVerification" time="31.201" classname="selenium.Guru_Projects.TestNG"/>
</testsuite> <!-- selenium.Guru_Projects.TestNG -->
