<?xml version="1.0" encoding="UTF-8"?>
<!-- Generated by org.testng.reporters.JUnitReportReporter -->
<testsuite skipped="0" hostname="CAPHYD-LAP-081" name="selenium.Guru_Projects.Tables_Text" tests="1" failures="0" timestamp="11 Jun 2019 09:27:43 GMT" time="9.267" errors="0">
  <testcase name="Table" time="9.267" classname="selenium.Guru_Projects.Tables_Text"/>
</testsuite> <!-- selenium.Guru_Projects.Tables_Text -->
